[09/22/2022 08:10:35] Debug: Session id: be2a7cd0-ef49-4b22-9546-3643b141c89a
[09/22/2022 08:10:35] Debug: Code Processor information: Name :SnowConvert, Version: 9.0.49.0
[09/22/2022 08:10:36] Debug: Getting license
[09/22/2022 08:10:36] Debug: License information
	Status: Failed
	Message: No active license available.
[09/22/2022 08:10:36] Info: Starting to validate parameters
[09/22/2022 08:10:36] Info: Parameters to validate: 
	Execution mode: Conversion
	LICENSE_KEY: a3372138-b87e-4a08-b929-3b48b24c63f1
[09/22/2022 08:10:36] Info: Validation of parameters: Success
[09/22/2022 08:10:36] Debug: Getting code descriptor
[09/22/2022 08:10:36] Debug: Code descriptor information
	Units: 51
	Units type: LOC
	All file bytes: 2141
	All found extensions: .sql,.dml,.ddl,.bteq,.btq,.fl,.fload,.ml,.mload,.mld,.tp,.tpump,.tpt
[09/22/2022 08:10:36] Debug: Calculating fingerprint
[09/22/2022 08:10:36] Debug: Fingerprint information Fingerprint(size=2141,projects=1)
[09/22/2022 08:10:36] Info: Starting to try to validate online license for execution
[09/22/2022 08:10:38] Debug: Getting license
[09/22/2022 08:10:38] Debug: License information
	Status: Failed
	Message: No active license available.
[09/22/2022 08:10:38] Debug: Starting the execution of the controller
[09/22/2022 08:10:39] Debug: Executing the worker: SnowConvert
[09/22/2022 08:10:49] Debug: Finished executing the worker: SnowConvert
[09/22/2022 08:10:51] Info: Controller execution ended
